<?xml version="1.0" encoding="UTF-8"?>
<testsuite xmlns:xsi="http://www.w3.org/2001/XMLSchema-instance" xsi:noNamespaceSchemaLocation="https://maven.apache.org/surefire/maven-surefire-plugin/xsd/surefire-test-report.xsd" version="3.0.1" name="com.mycompany.app.GameTest" time="0.034" tests="18" errors="0" skipped="2" failures="0">
  <properties>
[...]
</properties>
  <testcase name="testCheckStateDraw" classname="com.mycompany.app.GameTest" time="0.004"/>
  <testcase name="testCheckStateOWin" classname="com.mycompany.app.GameTest" time="0.002"/>
  <testcase name="testCheckStateXWin" classname="com.mycompany.app.GameTest" time="0.001"/>
  <testcase name="testGenerateMovesNoMoves" classname="com.mycompany.app.GameTest" time="0.001"/>
  <testcase name="testCheckStatePlaying" classname="com.mycompany.app.GameTest" time="0.0"/>
  <testcase name="testUtilityPrintDoesNotCrash" classname="com.mycompany.app.GameTest" time="0.002">
    <system-out><![CDATA[
X- -O- - - - - -&amp#0;-

0-1-2-3-4-5-6-7-8-

5-
]]></system-out>
  </testcase>
  <testcase name="testEvaluatePositionDraw" classname="com.mycompany.app.GameTest" time="0.001"/>
  <testcase name="testMinMoveTerminal" classname="com.mycompany.app.GameTest" time="0.001"/>
  <testcase name="testMiniMaxTakeWinningMove" classname="com.mycompany.app.GameTest" time="0.0">
    <skipped message="Ошибка в оригинальном MiniMax: не всегда выбирает немедленный выигрыш"/>
  </testcase>
  <testcase name="testEvaluatePositionNonTerminal" classname="com.mycompany.app.GameTest" time="0.0"/>
  <testcase name="testMiniMaxBlockWin" classname="com.mycompany.app.GameTest" time="0.002">
    <system-out><![CDATA[
minimax:   3(0) 
minimax:   4(-100) 
minimax:   6(-100) 
minimax:   7(-100) 
minimax:   8(-100) 
minimax:   9(-100) 
minimax best:   3(0) Steps counted: 477]]></system-out>
    <system-err><![CDATA[AWT blocker activation interrupted:
java.lang.InterruptedException
	at java.lang.Object.wait(Native Method)
	at java.lang.Object.wait(Object.java:502)
	at sun.awt.AWTAutoShutdown.activateBlockerThread(AWTAutoShutdown.java:350)
	at sun.awt.AWTAutoShutdown.lambda$notifyPeerMapUpdated$0(AWTAutoShutdown.java:221)
	at java.security.AccessController.doPrivileged(Native Method)
	at sun.awt.AWTAutoShutdown.notifyPeerMapUpdated(AWTAutoShutdown.java:220)
	at sun.awt.AWTAutoShutdown.registerPeer(AWTAutoShutdown.java:361)
	at sun.awt.SunToolkit.targetCreatedPeer(SunToolkit.java:334)
	at sun.awt.X11.XToolkit.createFrame(XToolkit.java:353)
	at java.awt.Frame.addNotify(Frame.java:477)
	at java.awt.Window.show(Window.java:1031)
	at java.awt.Component.show(Component.java:1671)
	at java.awt.Component.setVisible(Component.java:1623)
	at java.awt.Window.setVisible(Window.java:1014)
	at com.mycompany.app.Program.main(Program.java:194)
	at com.mycompany.app.CoverageTest.lambda$null$0(CoverageTest.java:57)
	at java.lang.Thread.run(Thread.java:750)
]]></system-err>
  </testcase>
  <testcase name="testEvaluatePositionOWins" classname="com.mycompany.app.GameTest" time="0.001"/>
  <testcase name="testEvaluatePositionXWins" classname="com.mycompany.app.GameTest" time="0.0"/>
  <testcase name="testMiniMaxEmptyBoard" classname="com.mycompany.app.GameTest" time="0.0">
    <skipped message="Ошибка в оригинальном MiniMax: не всегда выбирает оптимальный первый ход"/>
  </testcase>
  <testcase name="testGameConstructor" classname="com.mycompany.app.GameTest" time="0.001"/>
  <testcase name="testMaxMoveTerminal" classname="com.mycompany.app.GameTest" time="0.001"/>
  <testcase name="testGenerateMovesPartlyFilled" classname="com.mycompany.app.GameTest" time="0.003"/>
  <testcase name="testGenerateMovesEmptyBoard" classname="com.mycompany.app.GameTest" time="0.002"/>
</testsuite>