<?xml version="1.0" encoding="UTF-8"?>
<testsuite xmlns:xsi="http://www.w3.org/2001/XMLSchema-instance" xsi:noNamespaceSchemaLocation="https://maven.apache.org/surefire/maven-surefire-plugin/xsd/surefire-test-report.xsd" version="3.0.1" name="com.mycompany.app.CoverageTest" time="0.224" tests="6" errors="0" skipped="0" failures="0">
  <properties>
[...]
</properties>
  <testcase name="testStateEnum" classname="com.mycompany.app.CoverageTest" time="0.022"/>
  <testcase name="testTicTacToeCell" classname="com.mycompany.app.CoverageTest" time="0.161"/>
  <testcase name="testUtilityPrintEdgeCases" classname="com.mycompany.app.CoverageTest" time="0.004">
    <system-out><![CDATA[
&amp#0;-&amp#0;-&amp#0;-&amp#0;-&amp#0;-&amp#0;-&amp#0;-&amp#0;-&amp#0;-

0-0-0-0-0-0-0-0-0-


]]></system-out>
  </testcase>
  <testcase name="testTicTacToePanel" classname="com.mycompany.app.CoverageTest" time="0.005"/>
  <testcase name="testPlayer" classname="com.mycompany.app.CoverageTest" time="0.002"/>
  <testcase name="testProgramMainDoesNotThrow" classname="com.mycompany.app.CoverageTest" time="0.002"/>
</testsuite>